<?xml version="1.0" encoding="UTF-8"?>
<coverage generated="1710797296690" clover="3.2.0">
  <project timestamp="1710797296690" name="All files">
    <metrics statements="91" coveredstatements="91" conditionals="12" coveredconditionals="12" methods="21" coveredmethods="21" elements="124" coveredelements="124" complexity="0" loc="91" ncloc="91" packages="1" files="4" classes="4"/>
    <file name="WonderlandBruteForce.ts" path="/root/wonderland-number/src/WonderlandBruteForce.ts">
      <metrics statements="21" coveredstatements="21" conditionals="3" coveredconditionals="3" methods="6" coveredmethods="6"/>
      <line num="1" count="1" type="stmt"/>
      <line num="3" count="5402776" type="stmt"/>
      <line num="7" count="2701489" type="cond" truecount="1" falsecount="0"/>
      <line num="9" count="1701479" type="stmt"/>
      <line num="10" count="1701479" type="stmt"/>
      <line num="12" count="1701479" type="stmt"/>
      <line num="13" count="2805888" type="cond" truecount="1" falsecount="0"/>
      <line num="14" count="1701271" type="stmt"/>
      <line num="17" count="208" type="stmt"/>
      <line num="22" count="2701287" type="stmt"/>
      <line num="23" count="2701287" type="stmt"/>
      <line num="24" count="2701489" type="stmt"/>
      <line num="29" count="3" type="stmt"/>
      <line num="30" count="3" type="stmt"/>
      <line num="31" count="3" type="stmt"/>
      <line num="32" count="3" type="stmt"/>
      <line num="33" count="2701287" type="cond" truecount="1" falsecount="0"/>
      <line num="34" count="6" type="stmt"/>
      <line num="35" count="6" type="stmt"/>
      <line num="37" count="2701287" type="stmt"/>
      <line num="40" count="3" type="stmt"/>
    </file>
    <file name="WonderlandNoCalculation.ts" path="/root/wonderland-number/src/WonderlandNoCalculation.ts">
      <metrics statements="11" coveredstatements="11" conditionals="0" coveredconditionals="0" methods="3" coveredmethods="3"/>
      <line num="1" count="1" type="stmt"/>
      <line num="3" count="20" type="stmt"/>
      <line num="4" count="20" type="stmt"/>
      <line num="6" count="20" type="stmt"/>
      <line num="8" count="112" type="stmt"/>
      <line num="9" count="15894" type="stmt"/>
      <line num="12" count="15894" type="stmt"/>
      <line num="15" count="112" type="stmt"/>
      <line num="16" count="112" type="stmt"/>
      <line num="18" count="112" type="stmt"/>
      <line num="21" count="20" type="stmt"/>
    </file>
    <file name="WonderlandOptimizationFinal.ts" path="/root/wonderland-number/src/WonderlandOptimizationFinal.ts">
      <metrics statements="28" coveredstatements="28" conditionals="3" coveredconditionals="3" methods="7" coveredmethods="7"/>
      <line num="1" count="2" type="stmt"/>
      <line num="2" count="1256" type="stmt"/>
      <line num="5" count="1020" type="stmt"/>
      <line num="6" count="1020" type="stmt"/>
      <line num="8" count="1020" type="stmt"/>
      <line num="9" count="17060" type="cond" truecount="1" falsecount="0"/>
      <line num="10" count="40" type="stmt"/>
      <line num="13" count="980" type="stmt"/>
      <line num="17" count="236" type="stmt"/>
      <line num="18" count="236" type="stmt"/>
      <line num="19" count="236" type="stmt"/>
      <line num="20" count="1020" type="stmt"/>
      <line num="21" count="1020" type="cond" truecount="1" falsecount="0"/>
      <line num="22" count="40" type="stmt"/>
      <line num="26" count="196" type="stmt"/>
      <line num="30" count="40" type="stmt"/>
      <line num="31" count="40" type="stmt"/>
      <line num="32" count="40" type="stmt"/>
      <line num="33" count="40" type="stmt"/>
      <line num="34" count="236" type="stmt"/>
      <line num="35" count="236" type="stmt"/>
      <line num="37" count="236" type="cond" truecount="1" falsecount="0"/>
      <line num="38" count="196" type="stmt"/>
      <line num="41" count="236" type="stmt"/>
      <line num="42" count="31900" type="stmt"/>
      <line num="45" count="31900" type="stmt"/>
      <line num="46" count="236" type="stmt"/>
      <line num="49" count="40" type="stmt"/>
    </file>
    <file name="WonderlandOptimizationSkipLogic.ts" path="/root/wonderland-number/src/WonderlandOptimizationSkipLogic.ts">
      <metrics statements="31" coveredstatements="31" conditionals="6" coveredconditionals="6" methods="5" coveredmethods="5"/>
      <line num="1" count="1" type="stmt"/>
      <line num="2" count="2288471" type="stmt"/>
      <line num="5" count="1144327" type="cond" truecount="1" falsecount="0"/>
      <line num="6" count="2" type="stmt"/>
      <line num="9" count="1144325" type="stmt"/>
      <line num="10" count="1144325" type="stmt"/>
      <line num="12" count="1144325" type="stmt"/>
      <line num="13" count="1951223" type="cond" truecount="1" falsecount="0"/>
      <line num="14" count="1144136" type="stmt"/>
      <line num="17" count="189" type="stmt"/>
      <line num="21" count="1144144" type="stmt"/>
      <line num="22" count="1144144" type="stmt"/>
      <line num="23" count="1144144" type="stmt"/>
      <line num="24" count="1144327" type="stmt"/>
      <line num="25" count="1144327" type="cond" truecount="1" falsecount="0"/>
      <line num="26" count="1144138" type="stmt"/>
      <line num="30" count="6" type="stmt"/>
      <line num="34" count="3" type="stmt"/>
      <line num="35" count="3" type="stmt"/>
      <line num="36" count="3" type="stmt"/>
      <line num="37" count="3" type="stmt"/>
      <line num="38" count="3" type="stmt"/>
      <line num="39" count="1144144" type="stmt"/>
      <line num="40" count="1144144" type="cond" truecount="2" falsecount="0"/>
      <line num="41" count="6" type="stmt"/>
      <line num="42" count="6" type="stmt"/>
      <line num="43" count="1144138" type="cond" truecount="1" falsecount="0"/>
      <line num="44" count="2" type="stmt"/>
      <line num="45" count="2" type="stmt"/>
      <line num="47" count="1144144" type="stmt"/>
      <line num="50" count="3" type="stmt"/>
    </file>
  </project>
</coverage>
