{"/root/wonderland-number/src/WonderlandBruteForce.ts": {"path":"/root/wonderland-number/src/WonderlandBruteForce.ts","statementMap":{"0":{"start":{"line":3,"column":12},"end":{"line":3,"column":null}},"1":{"start":{"line":3,"column":46},"end":{"line":3,"column":80}},"2":{"start":{"line":7,"column":8},"end":{"line":7,"column":50}},"3":{"start":{"line":7,"column":37},"end":{"line":7,"column":50}},"4":{"start":{"line":9,"column":24},"end":{"line":9,"column":41}},"5":{"start":{"line":10,"column":24},"end":{"line":10,"column":41}},"6":{"start":{"line":12,"column":8},"end":{"line":16,"column":null}},"7":{"start":{"line":12,"column":21},"end":{"line":12,"column":22}},"8":{"start":{"line":13,"column":12},"end":{"line":15,"column":null}},"9":{"start":{"line":14,"column":16},"end":{"line":14,"column":29}},"10":{"start":{"line":17,"column":8},"end":{"line":17,"column":20}},"11":{"start":{"line":22,"column":21},"end":{"line":22,"column":56}},"12":{"start":{"line":23,"column":24},"end":{"line":23,"column":38}},"13":{"start":{"line":24,"column":8},"end":{"line":24,"column":78}},"14":{"start":{"line":24,"column":33},"end":{"line":24,"column":76}},"15":{"start":{"line":29,"column":16},"end":{"line":29,"column":23}},"16":{"start":{"line":30,"column":22},"end":{"line":30,"column":23}},"17":{"start":{"line":31,"column":27},"end":{"line":31,"column":29}},"18":{"start":{"line":32,"column":8},"end":{"line":38,"column":null}},"19":{"start":{"line":33,"column":12},"end":{"line":36,"column":null}},"20":{"start":{"line":34,"column":16},"end":{"line":34,"column":null}},"21":{"start":{"line":35,"column":16},"end":{"line":35,"column":null}},"22":{"start":{"line":37,"column":12},"end":{"line":37,"column":16}},"23":{"start":{"line":40,"column":8},"end":{"line":40,"column":28}},"24":{"start":{"line":1,"column":0},"end":{"line":1,"column":13}}},"fnMap":{"0":{"name":"(anonymous_0)","decl":{"start":{"line":1,"column":0},"end":{"line":1,"column":13}},"loc":{"start":{"line":1,"column":0},"end":{"line":42,"column":1}}},"1":{"name":"(anonymous_1)","decl":{"start":{"line":3,"column":21},"end":{"line":3,"column":22}},"loc":{"start":{"line":3,"column":46},"end":{"line":3,"column":80}}},"2":{"name":"(anonymous_2)","decl":{"start":{"line":6,"column":12},"end":{"line":6,"column":23}},"loc":{"start":{"line":6,"column":50},"end":{"line":18,"column":5}}},"3":{"name":"(anonymous_3)","decl":{"start":{"line":21,"column":11},"end":{"line":21,"column":21}},"loc":{"start":{"line":21,"column":31},"end":{"line":25,"column":5}}},"4":{"name":"(anonymous_4)","decl":{"start":{"line":24,"column":26},"end":{"line":24,"column":29}},"loc":{"start":{"line":24,"column":33},"end":{"line":24,"column":76}}},"5":{"name":"(anonymous_5)","decl":{"start":{"line":28,"column":11},"end":{"line":28,"column":31}},"loc":{"start":{"line":28,"column":50},"end":{"line":41,"column":5}}}},"branchMap":{"0":{"loc":{"start":{"line":7,"column":8},"end":{"line":7,"column":50}},"type":"if","locations":[{"start":{"line":7,"column":8},"end":{"line":7,"column":50}}]},"1":{"loc":{"start":{"line":13,"column":12},"end":{"line":15,"column":null}},"type":"if","locations":[{"start":{"line":13,"column":12},"end":{"line":15,"column":null}}]},"2":{"loc":{"start":{"line":33,"column":12},"end":{"line":36,"column":null}},"type":"if","locations":[{"start":{"line":33,"column":12},"end":{"line":36,"column":null}}]}},"s":{"0":4,"1":5402776,"2":2701489,"3":1000010,"4":1701479,"5":1701479,"6":1701479,"7":1701479,"8":2805888,"9":1701271,"10":208,"11":2701287,"12":2701287,"13":2701287,"14":2701489,"15":3,"16":3,"17":3,"18":3,"19":2701287,"20":6,"21":6,"22":2701287,"23":3,"24":1},"f":{"0":4,"1":5402776,"2":2701489,"3":2701287,"4":2701489,"5":3},"b":{"0":[1000010],"1":[1701271],"2":[6]}}
,"/root/wonderland-number/src/WonderlandNoCalculation.ts": {"path":"/root/wonderland-number/src/WonderlandNoCalculation.ts","statementMap":{"0":{"start":{"line":3,"column":22},"end":{"line":3,"column":49}},"1":{"start":{"line":4,"column":25},"end":{"line":4,"column":26}},"2":{"start":{"line":6,"column":8},"end":{"line":19,"column":null}},"3":{"start":{"line":8,"column":28},"end":{"line":8,"column":45}},"4":{"start":{"line":9,"column":12},"end":{"line":9,"column":63}},"5":{"start":{"line":9,"column":37},"end":{"line":9,"column":61}},"6":{"start":{"line":12,"column":12},"end":{"line":12,"column":57}},"7":{"start":{"line":12,"column":37},"end":{"line":12,"column":55}},"8":{"start":{"line":15,"column":32},"end":{"line":15,"column":68}},"9":{"start":{"line":16,"column":12},"end":{"line":16,"column":36}},"10":{"start":{"line":18,"column":12},"end":{"line":18,"column":38}},"11":{"start":{"line":21,"column":8},"end":{"line":21,"column":56}},"12":{"start":{"line":1,"column":0},"end":{"line":1,"column":13}}},"fnMap":{"0":{"name":"(anonymous_0)","decl":{"start":{"line":2,"column":11},"end":{"line":2,"column":31}},"loc":{"start":{"line":2,"column":50},"end":{"line":22,"column":5}}},"1":{"name":"(anonymous_1)","decl":{"start":{"line":9,"column":28},"end":{"line":9,"column":33}},"loc":{"start":{"line":9,"column":37},"end":{"line":9,"column":61}}},"2":{"name":"(anonymous_2)","decl":{"start":{"line":12,"column":28},"end":{"line":12,"column":33}},"loc":{"start":{"line":12,"column":37},"end":{"line":12,"column":55}}}},"branchMap":{},"s":{"0":20,"1":20,"2":20,"3":112,"4":112,"5":15894,"6":112,"7":15894,"8":112,"9":112,"10":112,"11":20,"12":1},"f":{"0":20,"1":15894,"2":15894},"b":{}}
,"/root/wonderland-number/src/WonderlandOptimizationFinal.ts": {"path":"/root/wonderland-number/src/WonderlandOptimizationFinal.ts","statementMap":{"0":{"start":{"line":2,"column":12},"end":{"line":2,"column":95}},"1":{"start":{"line":2,"column":46},"end":{"line":2,"column":94}},"2":{"start":{"line":5,"column":24},"end":{"line":5,"column":41}},"3":{"start":{"line":6,"column":24},"end":{"line":6,"column":41}},"4":{"start":{"line":8,"column":8},"end":{"line":12,"column":null}},"5":{"start":{"line":8,"column":21},"end":{"line":8,"column":22}},"6":{"start":{"line":9,"column":12},"end":{"line":11,"column":null}},"7":{"start":{"line":10,"column":16},"end":{"line":10,"column":29}},"8":{"start":{"line":13,"column":8},"end":{"line":13,"column":20}},"9":{"start":{"line":17,"column":21},"end":{"line":17,"column":96}},"10":{"start":{"line":18,"column":24},"end":{"line":18,"column":38}},"11":{"start":{"line":19,"column":8},"end":{"line":24,"column":null}},"12":{"start":{"line":20,"column":27},"end":{"line":20,"column":70}},"13":{"start":{"line":21,"column":12},"end":{"line":23,"column":null}},"14":{"start":{"line":22,"column":16},"end":{"line":22,"column":30}},"15":{"start":{"line":26,"column":8},"end":{"line":26,"column":20}},"16":{"start":{"line":30,"column":24},"end":{"line":30,"column":41}},"17":{"start":{"line":31,"column":25},"end":{"line":31,"column":26}},"18":{"start":{"line":32,"column":22},"end":{"line":32,"column":56}},"19":{"start":{"line":33,"column":8},"end":{"line":47,"column":null}},"20":{"start":{"line":34,"column":12},"end":{"line":34,"column":60}},"21":{"start":{"line":35,"column":27},"end":{"line":35,"column":45}},"22":{"start":{"line":37,"column":12},"end":{"line":39,"column":null}},"23":{"start":{"line":38,"column":16},"end":{"line":38,"column":31}},"24":{"start":{"line":41,"column":28},"end":{"line":41,"column":45}},"25":{"start":{"line":42,"column":12},"end":{"line":42,"column":70}},"26":{"start":{"line":42,"column":37},"end":{"line":42,"column":68}},"27":{"start":{"line":45,"column":12},"end":{"line":45,"column":57}},"28":{"start":{"line":45,"column":37},"end":{"line":45,"column":55}},"29":{"start":{"line":46,"column":12},"end":{"line":46,"column":38}},"30":{"start":{"line":49,"column":8},"end":{"line":49,"column":56}},"31":{"start":{"line":1,"column":0},"end":{"line":1,"column":13}}},"fnMap":{"0":{"name":"(anonymous_0)","decl":{"start":{"line":1,"column":0},"end":{"line":1,"column":13}},"loc":{"start":{"line":1,"column":0},"end":{"line":51,"column":1}}},"1":{"name":"(anonymous_1)","decl":{"start":{"line":2,"column":21},"end":{"line":2,"column":22}},"loc":{"start":{"line":2,"column":46},"end":{"line":2,"column":94}}},"2":{"name":"(anonymous_2)","decl":{"start":{"line":4,"column":12},"end":{"line":4,"column":23}},"loc":{"start":{"line":4,"column":50},"end":{"line":14,"column":5}}},"3":{"name":"(anonymous_3)","decl":{"start":{"line":16,"column":11},"end":{"line":16,"column":21}},"loc":{"start":{"line":16,"column":31},"end":{"line":27,"column":5}}},"4":{"name":"(anonymous_4)","decl":{"start":{"line":29,"column":11},"end":{"line":29,"column":31}},"loc":{"start":{"line":29,"column":50},"end":{"line":50,"column":5}}},"5":{"name":"(anonymous_5)","decl":{"start":{"line":42,"column":28},"end":{"line":42,"column":33}},"loc":{"start":{"line":42,"column":37},"end":{"line":42,"column":68}}},"6":{"name":"(anonymous_6)","decl":{"start":{"line":45,"column":28},"end":{"line":45,"column":33}},"loc":{"start":{"line":45,"column":37},"end":{"line":45,"column":55}}}},"branchMap":{"0":{"loc":{"start":{"line":9,"column":12},"end":{"line":11,"column":null}},"type":"if","locations":[{"start":{"line":9,"column":12},"end":{"line":11,"column":null}}]},"1":{"loc":{"start":{"line":21,"column":12},"end":{"line":23,"column":null}},"type":"if","locations":[{"start":{"line":21,"column":12},"end":{"line":23,"column":null}}]},"2":{"loc":{"start":{"line":37,"column":12},"end":{"line":39,"column":null}},"type":"if","locations":[{"start":{"line":37,"column":12},"end":{"line":39,"column":null}}]}},"s":{"0":60,"1":1256,"2":1020,"3":1020,"4":1020,"5":1020,"6":17060,"7":40,"8":980,"9":236,"10":236,"11":236,"12":1020,"13":1020,"14":40,"15":196,"16":40,"17":40,"18":40,"19":40,"20":236,"21":236,"22":236,"23":196,"24":236,"25":236,"26":31900,"27":236,"28":31900,"29":236,"30":40,"31":2},"f":{"0":60,"1":1256,"2":1020,"3":236,"4":40,"5":31900,"6":31900},"b":{"0":[40],"1":[40],"2":[196]}}
,"/root/wonderland-number/src/WonderlandOptimizationSkipLogic.ts": {"path":"/root/wonderland-number/src/WonderlandOptimizationSkipLogic.ts","statementMap":{"0":{"start":{"line":2,"column":12},"end":{"line":2,"column":null}},"1":{"start":{"line":2,"column":46},"end":{"line":2,"column":80}},"2":{"start":{"line":5,"column":8},"end":{"line":7,"column":null}},"3":{"start":{"line":6,"column":12},"end":{"line":6,"column":37}},"4":{"start":{"line":9,"column":24},"end":{"line":9,"column":41}},"5":{"start":{"line":10,"column":24},"end":{"line":10,"column":41}},"6":{"start":{"line":12,"column":8},"end":{"line":16,"column":null}},"7":{"start":{"line":12,"column":21},"end":{"line":12,"column":22}},"8":{"start":{"line":13,"column":12},"end":{"line":15,"column":null}},"9":{"start":{"line":14,"column":16},"end":{"line":14,"column":46}},"10":{"start":{"line":17,"column":8},"end":{"line":17,"column":22}},"11":{"start":{"line":21,"column":21},"end":{"line":21,"column":56}},"12":{"start":{"line":22,"column":24},"end":{"line":22,"column":38}},"13":{"start":{"line":23,"column":8},"end":{"line":28,"column":null}},"14":{"start":{"line":24,"column":27},"end":{"line":24,"column":70}},"15":{"start":{"line":25,"column":12},"end":{"line":27,"column":null}},"16":{"start":{"line":26,"column":16},"end":{"line":26,"column":30}},"17":{"start":{"line":30,"column":8},"end":{"line":30,"column":22}},"18":{"start":{"line":34,"column":16},"end":{"line":34,"column":23}},"19":{"start":{"line":35,"column":31},"end":{"line":35,"column":40}},"20":{"start":{"line":36,"column":22},"end":{"line":36,"column":23}},"21":{"start":{"line":37,"column":27},"end":{"line":37,"column":29}},"22":{"start":{"line":38,"column":8},"end":{"line":48,"column":null}},"23":{"start":{"line":39,"column":42},"end":{"line":39,"column":60}},"24":{"start":{"line":40,"column":12},"end":{"line":46,"column":null}},"25":{"start":{"line":41,"column":16},"end":{"line":41,"column":null}},"26":{"start":{"line":42,"column":16},"end":{"line":42,"column":37}},"27":{"start":{"line":43,"column":19},"end":{"line":46,"column":null}},"28":{"start":{"line":44,"column":16},"end":{"line":44,"column":37}},"29":{"start":{"line":45,"column":16},"end":{"line":45,"column":42}},"30":{"start":{"line":47,"column":12},"end":{"line":47,"column":16}},"31":{"start":{"line":50,"column":8},"end":{"line":50,"column":28}},"32":{"start":{"line":1,"column":0},"end":{"line":1,"column":13}}},"fnMap":{"0":{"name":"(anonymous_0)","decl":{"start":{"line":1,"column":0},"end":{"line":1,"column":13}},"loc":{"start":{"line":1,"column":0},"end":{"line":52,"column":1}}},"1":{"name":"(anonymous_1)","decl":{"start":{"line":2,"column":21},"end":{"line":2,"column":22}},"loc":{"start":{"line":2,"column":46},"end":{"line":2,"column":80}}},"2":{"name":"(anonymous_2)","decl":{"start":{"line":4,"column":12},"end":{"line":4,"column":23}},"loc":{"start":{"line":4,"column":50},"end":{"line":18,"column":5}}},"3":{"name":"(anonymous_3)","decl":{"start":{"line":20,"column":11},"end":{"line":20,"column":21}},"loc":{"start":{"line":20,"column":31},"end":{"line":31,"column":5}}},"4":{"name":"(anonymous_4)","decl":{"start":{"line":33,"column":11},"end":{"line":33,"column":31}},"loc":{"start":{"line":33,"column":50},"end":{"line":51,"column":5}}}},"branchMap":{"0":{"loc":{"start":{"line":5,"column":8},"end":{"line":7,"column":null}},"type":"if","locations":[{"start":{"line":5,"column":8},"end":{"line":7,"column":null}}]},"1":{"loc":{"start":{"line":13,"column":12},"end":{"line":15,"column":null}},"type":"if","locations":[{"start":{"line":13,"column":12},"end":{"line":15,"column":null}}]},"2":{"loc":{"start":{"line":25,"column":12},"end":{"line":27,"column":null}},"type":"if","locations":[{"start":{"line":25,"column":12},"end":{"line":27,"column":null}}]},"3":{"loc":{"start":{"line":40,"column":12},"end":{"line":46,"column":null}},"type":"if","locations":[{"start":{"line":40,"column":12},"end":{"line":46,"column":null}},{"start":{"line":43,"column":19},"end":{"line":46,"column":null}}]},"4":{"loc":{"start":{"line":43,"column":19},"end":{"line":46,"column":null}},"type":"if","locations":[{"start":{"line":43,"column":19},"end":{"line":46,"column":null}}]}},"s":{"0":4,"1":2288471,"2":1144327,"3":2,"4":1144325,"5":1144325,"6":1144325,"7":1144325,"8":1951223,"9":1144136,"10":189,"11":1144144,"12":1144144,"13":1144144,"14":1144327,"15":1144327,"16":1144138,"17":6,"18":3,"19":3,"20":3,"21":3,"22":3,"23":1144144,"24":1144144,"25":6,"26":6,"27":1144138,"28":2,"29":2,"30":1144144,"31":3,"32":1},"f":{"0":4,"1":2288471,"2":1144327,"3":1144144,"4":3},"b":{"0":[2],"1":[1144136],"2":[1144138],"3":[6,1144138],"4":[2]}}
}
