TN:
SF:src/WonderlandBruteForce.ts
FN:1,(anonymous_0)
FN:3,(anonymous_1)
FN:6,(anonymous_2)
FN:21,(anonymous_3)
FN:24,(anonymous_4)
FN:28,(anonymous_5)
FNF:6
FNH:6
FNDA:4,(anonymous_0)
FNDA:5402776,(anonymous_1)
FNDA:2701489,(anonymous_2)
FNDA:2701287,(anonymous_3)
FNDA:2701489,(anonymous_4)
FNDA:3,(anonymous_5)
DA:1,1
DA:3,5402776
DA:7,2701489
DA:9,1701479
DA:10,1701479
DA:12,1701479
DA:13,2805888
DA:14,1701271
DA:17,208
DA:22,2701287
DA:23,2701287
DA:24,2701489
DA:29,3
DA:30,3
DA:31,3
DA:32,3
DA:33,2701287
DA:34,6
DA:35,6
DA:37,2701287
DA:40,3
LF:21
LH:21
BRDA:7,0,0,1000010
BRDA:13,1,0,1701271
BRDA:33,2,0,6
BRF:3
BRH:3
end_of_record
TN:
SF:src/WonderlandNoCalculation.ts
FN:2,(anonymous_0)
FN:9,(anonymous_1)
FN:12,(anonymous_2)
FNF:3
FNH:3
FNDA:20,(anonymous_0)
FNDA:15894,(anonymous_1)
FNDA:15894,(anonymous_2)
DA:1,1
DA:3,20
DA:4,20
DA:6,20
DA:8,112
DA:9,15894
DA:12,15894
DA:15,112
DA:16,112
DA:18,112
DA:21,20
LF:11
LH:11
BRF:0
BRH:0
end_of_record
TN:
SF:src/WonderlandOptimizationFinal.ts
FN:1,(anonymous_0)
FN:2,(anonymous_1)
FN:4,(anonymous_2)
FN:16,(anonymous_3)
FN:29,(anonymous_4)
FN:42,(anonymous_5)
FN:45,(anonymous_6)
FNF:7
FNH:7
FNDA:60,(anonymous_0)
FNDA:1256,(anonymous_1)
FNDA:1020,(anonymous_2)
FNDA:236,(anonymous_3)
FNDA:40,(anonymous_4)
FNDA:31900,(anonymous_5)
FNDA:31900,(anonymous_6)
DA:1,2
DA:2,1256
DA:5,1020
DA:6,1020
DA:8,1020
DA:9,17060
DA:10,40
DA:13,980
DA:17,236
DA:18,236
DA:19,236
DA:20,1020
DA:21,1020
DA:22,40
DA:26,196
DA:30,40
DA:31,40
DA:32,40
DA:33,40
DA:34,236
DA:35,236
DA:37,236
DA:38,196
DA:41,236
DA:42,31900
DA:45,31900
DA:46,236
DA:49,40
LF:28
LH:28
BRDA:9,0,0,40
BRDA:21,1,0,40
BRDA:37,2,0,196
BRF:3
BRH:3
end_of_record
TN:
SF:src/WonderlandOptimizationSkipLogic.ts
FN:1,(anonymous_0)
FN:2,(anonymous_1)
FN:4,(anonymous_2)
FN:20,(anonymous_3)
FN:33,(anonymous_4)
FNF:5
FNH:5
FNDA:4,(anonymous_0)
FNDA:2288471,(anonymous_1)
FNDA:1144327,(anonymous_2)
FNDA:1144144,(anonymous_3)
FNDA:3,(anonymous_4)
DA:1,1
DA:2,2288471
DA:5,1144327
DA:6,2
DA:9,1144325
DA:10,1144325
DA:12,1144325
DA:13,1951223
DA:14,1144136
DA:17,189
DA:21,1144144
DA:22,1144144
DA:23,1144144
DA:24,1144327
DA:25,1144327
DA:26,1144138
DA:30,6
DA:34,3
DA:35,3
DA:36,3
DA:37,3
DA:38,3
DA:39,1144144
DA:40,1144144
DA:41,6
DA:42,6
DA:43,1144138
DA:44,2
DA:45,2
DA:47,1144144
DA:50,3
LF:31
LH:31
BRDA:5,0,0,2
BRDA:13,1,0,1144136
BRDA:25,2,0,1144138
BRDA:40,3,0,6
BRDA:40,3,1,1144138
BRDA:43,4,0,2
BRF:6
BRH:6
end_of_record
